<?xml version="1.0" encoding="UTF-8"?>
<!-- Generated by org.testng.reporters.JUnitXMLReporter -->
<testsuite hostname="DESKTOP-92JVN7N" failures="1" tests="7" name="Login_Validation" time="31.292" errors="0" timestamp="17 Jun 2021 07:43:32 GMT">
  <testcase classname="testcases.Tcare_Login_Testcase" name="bothempty" time="2.761"/>
  <testcase classname="testcases.Tcare_Login_Testcase" name="pwdempty" time="2.43"/>
  <testcase classname="testcases.Tcare_Login_Testcase" name="bothwrong" time="4.608"/>
  <testcase classname="testcases.Tcare_Login_Testcase" name="wronguname" time="4.392"/>
  <testcase classname="testcases.Tcare_Login_Testcase" name="wrongpassword" time="2.447"/>
  <testcase classname="testcases.Tcare_Login_Testcase" name="Tcare_login_case" time="11.033"/>
  <testcase classname="testcases.Tcare_Login_Testcase" name="Logout" time="3.549">
    <failure type="org.openqa.selenium.WebDriverException" message="element click intercepted: Element &amp;lt;span _ngcontent-kgf-c45=&amp;quot;&amp;quot; data-toggle=&amp;quot;modal&amp;quot; data-target=&amp;quot;#userModal&amp;quot; style=&amp;quot;cursor: pointer; color: #FFFFFF;&amp;quot;&amp;gt;...&amp;lt;/span&amp;gt; is not clickable at point (1679, 27). Other element would receive the click: &amp;lt;div _ngcontent-kgf-c73=&amp;quot;&amp;quot; class=&amp;quot;loading-screen-wrapper&amp;quot;&amp;gt;...&amp;lt;/div&amp;gt;
  (Session info: headless chrome=91.0.4472.101)
  (Driver info: chromedriver=90.0.4430.24 (4c6d850f087da467d926e8eddb76550aed655991-refs/branch-heads/4430@{#429}),platform=Windows NT 10.0.18362 x86_64) (WARNING: The server did not provide any stacktrace information)
Command duration or timeout: 1.08 seconds
Build info: version: &amp;apos;2.41.0&amp;apos;, revision: &amp;apos;3192d8a6c4449dc285928ba024779344f5423c58&amp;apos;, time: &amp;apos;2014-03-27 11:29:39&amp;apos;
System info: host: &amp;apos;DESKTOP-92JVN7N&amp;apos;, ip: &amp;apos;192.168.225.64&amp;apos;, os.name: &amp;apos;Windows 10&amp;apos;, os.arch: &amp;apos;amd64&amp;apos;, os.version: &amp;apos;10.0&amp;apos;, java.version: &amp;apos;11.0.2&amp;apos;
Driver info: org.openqa.selenium.chrome.ChromeDriver
Capabilities [{mobileEmulationEnabled=false, timeouts={implicit=0, pageLoad=300000, script=30000}, hasTouchScreen=false, platform=XP, acceptSslCerts=false, goog:chromeOptions={debuggerAddress=localhost:50279}, acceptInsecureCerts=false, webStorageEnabled=true, browserName=chrome, takesScreenshot=true, javascriptEnabled=true, setWindowRect=true, webauthn:extension:largeBlob=true, unexpectedAlertBehaviour=ignore, applicationCacheEnabled=false, rotatable=false, networkConnectionEnabled=false, chrome={chromedriverVersion=90.0.4430.24 (4c6d850f087da467d926e8eddb76550aed655991-refs/branch-heads/4430@{#429}), userDataDir=C:\Users\MYPC\AppData\Local\Temp\scoped_dir5196_55034893}, takesHeapSnapshot=true, pageLoadStrategy=normal, strictFileInteractability=false, databaseEnabled=false, handlesAlerts=true, version=91.0.4472.101, browserConnectionEnabled=false, proxy={}, nativeEvents=true, locationContextEnabled=true, cssSelectorsEnabled=true, webauthn:virtualAuthenticators=true}]
Session ID: edebafa47d86f99e733b847d622b9a4c">
      <![CDATA[org.openqa.selenium.WebDriverException: element click intercepted: Element <span _ngcontent-kgf-c45="" data-toggle="modal" data-target="#userModal" style="cursor: pointer; color: #FFFFFF;">...</span> is not clickable at point (1679, 27). Other element would receive the click: <div _ngcontent-kgf-c73="" class="loading-screen-wrapper">...</div>
  (Session info: headless chrome=91.0.4472.101)
  (Driver info: chromedriver=90.0.4430.24 (4c6d850f087da467d926e8eddb76550aed655991-refs/branch-heads/4430@{#429}),platform=Windows NT 10.0.18362 x86_64) (WARNING: The server did not provide any stacktrace information)
Command duration or timeout: 1.08 seconds
Build info: version: '2.41.0', revision: '3192d8a6c4449dc285928ba024779344f5423c58', time: '2014-03-27 11:29:39'
System info: host: 'DESKTOP-92JVN7N', ip: '192.168.225.64', os.name: 'Windows 10', os.arch: 'amd64', os.version: '10.0', java.version: '11.0.2'
Driver info: org.openqa.selenium.chrome.ChromeDriver
Capabilities [{mobileEmulationEnabled=false, timeouts={implicit=0, pageLoad=300000, script=30000}, hasTouchScreen=false, platform=XP, acceptSslCerts=false, goog:chromeOptions={debuggerAddress=localhost:50279}, acceptInsecureCerts=false, webStorageEnabled=true, browserName=chrome, takesScreenshot=true, javascriptEnabled=true, setWindowRect=true, webauthn:extension:largeBlob=true, unexpectedAlertBehaviour=ignore, applicationCacheEnabled=false, rotatable=false, networkConnectionEnabled=false, chrome={chromedriverVersion=90.0.4430.24 (4c6d850f087da467d926e8eddb76550aed655991-refs/branch-heads/4430@{#429}), userDataDir=C:\Users\MYPC\AppData\Local\Temp\scoped_dir5196_55034893}, takesHeapSnapshot=true, pageLoadStrategy=normal, strictFileInteractability=false, databaseEnabled=false, handlesAlerts=true, version=91.0.4472.101, browserConnectionEnabled=false, proxy={}, nativeEvents=true, locationContextEnabled=true, cssSelectorsEnabled=true, webauthn:virtualAuthenticators=true}]
Session ID: edebafa47d86f99e733b847d622b9a4c
	at org.openqa.selenium.remote.ErrorHandler.createThrowable(ErrorHandler.java:193)
	at org.openqa.selenium.remote.ErrorHandler.throwIfResponseFailed(ErrorHandler.java:145)
	at org.openqa.selenium.remote.RemoteWebDriver.execute(RemoteWebDriver.java:595)
	at org.openqa.selenium.remote.RemoteWebElement.execute(RemoteWebElement.java:268)
	at org.openqa.selenium.remote.RemoteWebElement.click(RemoteWebElement.java:79)
	at testcases.Tcare_Login_Testcase.Logout(Tcare_Login_Testcase.java:198)
... Removed 28 stack frames]]>
    </failure>
  </testcase> <!-- Logout -->
</testsuite> <!-- Login_Validation -->
